<?xml version="1.0" encoding="UTF-8"?>
<!-- Generated by org.testng.reporters.JUnitReportReporter -->
<testsuite hostname="Ishant" failures="0" tests="1" name="airlines.Project2_Airline.testCases.TC05" time="10.777" errors="0" timestamp="2024-07-28T16:38:17 IST" skipped="0">
  <testcase classname="airlines.Project2_Airline.testCases.TC05" name="searchRoundTrip" time="10.777"/>
</testsuite> <!-- airlines.Project2_Airline.testCases.TC05 -->
