<?xml version="1.0" encoding="UTF-8"?>
<!-- Generated by org.testng.reporters.JUnitReportReporter -->
<testsuite hostname="Ishant" failures="0" tests="4" name="airlines.Project2_Airline.testCases.TC07" time="39.791" errors="0" timestamp="2024-07-29T17:28:05 IST" skipped="3">
  <testcase classname="airlines.Project2_Airline.testCases.TC07" name="multiCityFlight" time="8.553">
    <skipped/>
  </testcase> <!-- multiCityFlight -->
  <testcase classname="airlines.Project2_Airline.testCases.TC07" name="multiCityFlight" time="10.304">
    <skipped/>
  </testcase> <!-- multiCityFlight -->
  <testcase classname="airlines.Project2_Airline.testCases.TC07" name="multiCityFlight" time="13.908">
    <system-out>
      <![CDATA[test case passed]]>
    </system-out>
  </testcase> <!-- multiCityFlight -->
  <testcase classname="airlines.Project2_Airline.testCases.TC07" name="multiCityFlight" time="7.026">
    <skipped/>
  </testcase> <!-- multiCityFlight -->
  <system-out>
    <![CDATA[test case passed]]>
  </system-out>
</testsuite> <!-- airlines.Project2_Airline.testCases.TC07 -->
