<?xml version="1.0" encoding="UTF-8"?>
<!-- Generated by org.testng.reporters.JUnitReportReporter -->
<testsuite hostname="Ishant" failures="0" tests="1" name="airlines.Project2_Airline.testCases.TC02" time="9.127" errors="0" timestamp="2024-07-23T20:15:08 IST" skipped="0">
  <testcase classname="airlines.Project2_Airline.testCases.TC02" name="validLogin" time="9.127">
    <system-out>
      <![CDATA[test case passed]]>
    </system-out>
  </testcase> <!-- validLogin -->
  <system-out>
    <![CDATA[test case passed
test case passed
test case passed
test case failed]]>
  </system-out>
</testsuite> <!-- airlines.Project2_Airline.testCases.TC02 -->
