<?xml version="1.0" encoding="UTF-8"?>
<!-- Generated by org.testng.reporters.JUnitReportReporter -->
<testsuite hostname="Ishant" failures="0" tests="1" name="airlines.Project2_Airline.testCases.TC04" time="17.140" errors="0" timestamp="2024-07-28T15:41:28 IST" skipped="0">
  <testcase classname="airlines.Project2_Airline.testCases.TC04" name="searchOneWayFlight" time="17.140"/>
</testsuite> <!-- airlines.Project2_Airline.testCases.TC04 -->
