<?xml version="1.0" encoding="UTF-8"?>
<!-- Generated by org.testng.reporters.JUnitReportReporter -->
<testsuite hostname="Ishant" failures="0" tests="3" name="airlines.Project2_Airline.testCases.TC06" time="115.209" errors="0" timestamp="2024-07-28T23:22:14 IST" skipped="2">
  <testcase classname="airlines.Project2_Airline.testCases.TC06" name="searchOneWayFlight" time="47.265">
    <skipped/>
  </testcase> <!-- searchOneWayFlight -->
  <testcase classname="airlines.Project2_Airline.testCases.TC06" name="searchOneWayFlight" time="57.053">
    <system-out>
      <![CDATA[test case passed]]>
    </system-out>
  </testcase> <!-- searchOneWayFlight -->
  <testcase classname="airlines.Project2_Airline.testCases.TC06" name="searchOneWayFlight" time="10.891">
    <skipped/>
  </testcase> <!-- searchOneWayFlight -->
  <system-out>
    <![CDATA[test case passed]]>
  </system-out>
</testsuite> <!-- airlines.Project2_Airline.testCases.TC06 -->
