<?xml version="1.0" encoding="UTF-8"?>
<!-- Generated by org.testng.reporters.JUnitReportReporter -->
<testsuite hostname="Ishant" failures="0" tests="1" name="airlines.Project2_Airline.testCases.TC01" time="6.698" errors="0" timestamp="2024-07-18T23:47:35 IST" skipped="0">
  <testcase classname="airlines.Project2_Airline.testCases.TC01" name="registrationGoibibo" time="6.698">
    <system-out>
      <![CDATA[test case passed]]>
    </system-out>
  </testcase> <!-- registrationGoibibo -->
  <system-out>
    <![CDATA[test case passed]]>
  </system-out>
</testsuite> <!-- airlines.Project2_Airline.testCases.TC01 -->
